<?xml version="1.0" encoding="UTF-8"?>
<coverage generated="1666041186180" clover="3.2.0">
  <project timestamp="1666041186180" name="All files">
    <metrics statements="24" coveredstatements="18" conditionals="4" coveredconditionals="4" methods="6" coveredmethods="5" elements="34" coveredelements="27" complexity="0" loc="24" ncloc="24" packages="1" files="1" classes="1"/>
    <file name="LinkedList.js" path="/Users/samuelduval/Desktop/basic-linked-lists/LinkedList.js">
      <metrics statements="24" coveredstatements="18" conditionals="4" coveredconditionals="4" methods="6" coveredmethods="5"/>
      <line num="3" count="9" type="stmt"/>
      <line num="4" count="9" type="stmt"/>
      <line num="8" count="22" type="stmt"/>
      <line num="9" count="22" type="stmt"/>
      <line num="10" count="22" type="stmt"/>
      <line num="14" count="4" type="cond" truecount="4" falsecount="0"/>
      <line num="15" count="2" type="stmt"/>
      <line num="16" count="2" type="stmt"/>
      <line num="17" count="2" type="stmt"/>
      <line num="19" count="2" type="stmt"/>
      <line num="23" count="0" type="stmt"/>
      <line num="24" count="0" type="stmt"/>
      <line num="25" count="0" type="stmt"/>
      <line num="26" count="0" type="stmt"/>
      <line num="27" count="0" type="stmt"/>
      <line num="29" count="0" type="stmt"/>
      <line num="35" count="22" type="stmt"/>
      <line num="36" count="22" type="stmt"/>
      <line num="40" count="1" type="stmt"/>
      <line num="41" count="8" type="stmt"/>
      <line num="42" count="8" type="stmt"/>
      <line num="43" count="20" type="stmt"/>
      <line num="45" count="8" type="stmt"/>
      <line num="48" count="1" type="stmt"/>
    </file>
  </project>
</coverage>
