<?xml version="1.0" encoding="UTF-8"?>
<coverage generated="1666041613834" clover="3.2.0">
  <project timestamp="1666041613834" name="All files">
    <metrics statements="29" coveredstatements="23" conditionals="8" coveredconditionals="8" methods="7" coveredmethods="6" elements="44" coveredelements="37" complexity="0" loc="29" ncloc="29" packages="1" files="1" classes="1"/>
    <file name="LinkedList.js" path="/Users/samuelduval/Desktop/basic-linked-lists/LinkedList.js">
      <metrics statements="29" coveredstatements="23" conditionals="8" coveredconditionals="8" methods="7" coveredmethods="6"/>
      <line num="3" count="9" type="stmt"/>
      <line num="4" count="9" type="stmt"/>
      <line num="8" count="23" type="stmt"/>
      <line num="9" count="23" type="stmt"/>
      <line num="10" count="23" type="stmt"/>
      <line num="14" count="8" type="cond" truecount="4" falsecount="0"/>
      <line num="15" count="4" type="stmt"/>
      <line num="16" count="4" type="stmt"/>
      <line num="17" count="5" type="stmt"/>
      <line num="19" count="4" type="stmt"/>
      <line num="23" count="4" type="cond" truecount="2" falsecount="0"/>
      <line num="24" count="3" type="stmt"/>
      <line num="25" count="3" type="cond" truecount="2" falsecount="0"/>
      <line num="27" count="1" type="stmt"/>
      <line num="28" count="1" type="stmt"/>
      <line num="32" count="0" type="stmt"/>
      <line num="33" count="0" type="stmt"/>
      <line num="34" count="0" type="stmt"/>
      <line num="35" count="0" type="stmt"/>
      <line num="36" count="0" type="stmt"/>
      <line num="38" count="0" type="stmt"/>
      <line num="45" count="24" type="stmt"/>
      <line num="46" count="24" type="stmt"/>
      <line num="50" count="1" type="stmt"/>
      <line num="51" count="8" type="stmt"/>
      <line num="52" count="8" type="stmt"/>
      <line num="53" count="20" type="stmt"/>
      <line num="55" count="8" type="stmt"/>
      <line num="58" count="1" type="stmt"/>
    </file>
  </project>
</coverage>
