{"/Users/samuelduval/Desktop/basic-linked-lists/LinkedList.js": {"path":"/Users/samuelduval/Desktop/basic-linked-lists/LinkedList.js","statementMap":{"0":{"start":{"line":3,"column":8},"end":{"line":3,"column":25}},"1":{"start":{"line":4,"column":8},"end":{"line":4,"column":24}},"2":{"start":{"line":8,"column":22},"end":{"line":8,"column":51}},"3":{"start":{"line":9,"column":8},"end":{"line":9,"column":27}},"4":{"start":{"line":10,"column":8},"end":{"line":10,"column":21}},"5":{"start":{"line":14,"column":8},"end":{"line":14,"column":58}},"6":{"start":{"line":14,"column":47},"end":{"line":14,"column":58}},"7":{"start":{"line":15,"column":22},"end":{"line":15,"column":31}},"8":{"start":{"line":16,"column":8},"end":{"line":18,"column":9}},"9":{"start":{"line":16,"column":21},"end":{"line":16,"column":22}},"10":{"start":{"line":17,"column":12},"end":{"line":17,"column":34}},"11":{"start":{"line":19,"column":8},"end":{"line":19,"column":22}},"12":{"start":{"line":23,"column":8},"end":{"line":23,"column":56}},"13":{"start":{"line":23,"column":25},"end":{"line":23,"column":56}},"14":{"start":{"line":24,"column":21},"end":{"line":24,"column":47}},"15":{"start":{"line":25,"column":8},"end":{"line":25,"column":37}},"16":{"start":{"line":25,"column":26},"end":{"line":25,"column":37}},"17":{"start":{"line":27,"column":8},"end":{"line":27,"column":50}},"18":{"start":{"line":28,"column":8},"end":{"line":28,"column":21}},"19":{"start":{"line":32,"column":21},"end":{"line":32,"column":23}},"20":{"start":{"line":33,"column":22},"end":{"line":33,"column":31}},"21":{"start":{"line":34,"column":8},"end":{"line":37,"column":9}},"22":{"start":{"line":35,"column":12},"end":{"line":35,"column":52}},"23":{"start":{"line":36,"column":12},"end":{"line":36,"column":34}},"24":{"start":{"line":38,"column":8},"end":{"line":38,"column":36}},"25":{"start":{"line":45,"column":8},"end":{"line":45,"column":27}},"26":{"start":{"line":46,"column":8},"end":{"line":46,"column":25}},"27":{"start":{"line":50,"column":0},"end":{"line":56,"column":1}},"28":{"start":{"line":51,"column":15},"end":{"line":51,"column":31}},"29":{"start":{"line":52,"column":4},"end":{"line":54,"column":5}},"30":{"start":{"line":52,"column":17},"end":{"line":52,"column":34}},"31":{"start":{"line":53,"column":8},"end":{"line":53,"column":34}},"32":{"start":{"line":55,"column":4},"end":{"line":55,"column":13}},"33":{"start":{"line":58,"column":0},"end":{"line":58,"column":27}}},"fnMap":{"0":{"name":"(anonymous_0)","decl":{"start":{"line":2,"column":4},"end":{"line":2,"column":5}},"loc":{"start":{"line":2,"column":19},"end":{"line":5,"column":5}},"line":2},"1":{"name":"(anonymous_1)","decl":{"start":{"line":7,"column":4},"end":{"line":7,"column":5}},"loc":{"start":{"line":7,"column":23},"end":{"line":11,"column":5}},"line":7},"2":{"name":"(anonymous_2)","decl":{"start":{"line":13,"column":4},"end":{"line":13,"column":5}},"loc":{"start":{"line":13,"column":22},"end":{"line":20,"column":5}},"line":13},"3":{"name":"(anonymous_3)","decl":{"start":{"line":22,"column":4},"end":{"line":22,"column":5}},"loc":{"start":{"line":22,"column":32},"end":{"line":29,"column":5}},"line":22},"4":{"name":"(anonymous_4)","decl":{"start":{"line":31,"column":4},"end":{"line":31,"column":5}},"loc":{"start":{"line":31,"column":12},"end":{"line":39,"column":5}},"line":31},"5":{"name":"(anonymous_5)","decl":{"start":{"line":44,"column":4},"end":{"line":44,"column":5}},"loc":{"start":{"line":44,"column":30},"end":{"line":47,"column":5}},"line":44},"6":{"name":"(anonymous_6)","decl":{"start":{"line":50,"column":24},"end":{"line":50,"column":25}},"loc":{"start":{"line":50,"column":44},"end":{"line":56,"column":1}},"line":50}},"branchMap":{"0":{"loc":{"start":{"line":14,"column":8},"end":{"line":14,"column":58}},"type":"if","locations":[{"start":{"line":14,"column":8},"end":{"line":14,"column":58}},{"start":{},"end":{}}],"line":14},"1":{"loc":{"start":{"line":14,"column":12},"end":{"line":14,"column":45}},"type":"binary-expr","locations":[{"start":{"line":14,"column":12},"end":{"line":14,"column":21}},{"start":{"line":14,"column":25},"end":{"line":14,"column":45}}],"line":14},"2":{"loc":{"start":{"line":23,"column":8},"end":{"line":23,"column":56}},"type":"if","locations":[{"start":{"line":23,"column":8},"end":{"line":23,"column":56}},{"start":{},"end":{}}],"line":23},"3":{"loc":{"start":{"line":25,"column":8},"end":{"line":25,"column":37}},"type":"if","locations":[{"start":{"line":25,"column":8},"end":{"line":25,"column":37}},{"start":{},"end":{}}],"line":25}},"s":{"0":9,"1":9,"2":23,"3":23,"4":23,"5":8,"6":4,"7":4,"8":4,"9":4,"10":5,"11":4,"12":4,"13":1,"14":3,"15":3,"16":2,"17":1,"18":1,"19":0,"20":0,"21":0,"22":0,"23":0,"24":0,"25":24,"26":24,"27":1,"28":8,"29":8,"30":8,"31":20,"32":8,"33":1},"f":{"0":9,"1":23,"2":8,"3":4,"4":0,"5":24,"6":8},"b":{"0":[4,4],"1":[8,6],"2":[1,3],"3":[2,1]},"_coverageSchema":"1a1c01bbd47fc00a2c39e90264f33305004495a9","hash":"b92867c0c2a08b1240cfa31590b4a0f82166db50"}
}
